<?xml version="1.0" encoding="UTF-8"?>
<!-- Generated by org.testng.reporters.JUnitReportReporter -->
<testsuite skipped="0" hostname="DESKTOP-CG5M29G" name="org.testing.TestScripts.TC1" tests="1" failures="0" timestamp="2021-03-13T10:53:57 AEDT" time="1.937" errors="0">
  <testcase name="testcase1" time="1.937" classname="org.testing.TestScripts.TC1"/>
  <system-out/>
</testsuite> <!-- org.testing.TestScripts.TC1 -->
